# JRE version: OpenJDK Runtime Environment Temurin-21.0.10+7 (21.0.10+7) (build 21.0.10+7-LTS)
# Java VM: OpenJDK 64-Bit Server VM Temurin-21.0.10+7 (21.0.10+7-LTS, mixed mode, sharing, tiered, compressed oops, compressed class ptrs, parallel gc, windows-amd64)
GC Precious Log:
 CardTable entry size: 512
 CPUs: 20 total, 20 available
 Memory: 16016M
 Large Page Support: Disabled
 NUMA Support: Disabled
 Compressed Oops: Enabled (32-bit)
 Alignments: Space 512K, Generation 512K, Heap 2M
 Heap Min Capacity: 100M
 Heap Initial Capacity: 100M
 Heap Max Capacity: 2G
 Pre-touch: Disabled
 Parallel Workers: 15
Heap:
 PSYoungGen      total 5120K, used 1871K [0x00000000d5580000, 0x00000000d5b80000, 0x0000000100000000)
  eden space 4608K, 30% used [0x00000000d5580000,0x00000000d56dbcb8,0x00000000d5a00000)
  from space 512K, 93% used [0x00000000d5a80000,0x00000000d5af8000,0x00000000d5b00000)
  to   space 512K, 0% used [0x00000000d5a00000,0x00000000d5a00000,0x00000000d5a80000)
 ParOldGen       total 1143808K, used 1143722K [0x0000000080000000, 0x00000000c5d00000, 0x00000000d5580000)
  object space 1143808K, 99% used [0x0000000080000000,0x00000000c5cea958,0x00000000c5d00000)
 Metaspace       used 103394K, committed 105216K, reserved 1179648K
  class space    used 10298K, committed 11136K, reserved 1048576K
GC Heap History (20 events):
Event: 11971.923 GC heap before
{Heap before GC invocations=4120 (full 9):
 PSYoungGen      total 5632K, used 5088K [0x00000000d5580000, 0x00000000d5c00000, 0x0000000100000000)
  eden space 4608K, 100% used [0x00000000d5580000,0x00000000d5a00000,0x00000000d5a00000)
  from space 1024K, 46% used [0x00000000d5b00000,0x00000000d5b78000,0x00000000d5c00000)
  to   space 1024K, 0% used [0x00000000d5a00000,0x00000000d5a00000,0x00000000d5b00000)
 ParOldGen       total 1140224K, used 1140080K [0x0000000080000000, 0x00000000c5980000, 0x00000000d5580000)
  object space 1140224K, 99% used [0x0000000080000000,0x00000000c595c1a8,0x00000000c5980000)
 Metaspace       used 103392K, committed 105216K, reserved 1179648K
  class space    used 10298K, committed 11136K, reserved 1048576K
}
Event: 11971.925 GC heap after
{Heap after GC invocations=4120 (full 9):
 PSYoungGen      total 5632K, used 384K [0x00000000d5580000, 0x00000000d5b80000, 0x0000000100000000)
  eden space 4608K, 0% used [0x00000000d5580000,0x00000000d5580000,0x00000000d5a00000)
  from space 1024K, 37% used [0x00000000d5a00000,0x00000000d5a60000,0x00000000d5b00000)
  to   space 512K, 0% used [0x00000000d5b00000,0x00000000d5b00000,0x00000000d5b80000)
 ParOldGen       total 1140736K, used 1140236K [0x0000000080000000, 0x00000000c5a00000, 0x00000000d5580000)
  object space 1140736K, 99% used [0x0000000080000000,0x00000000c5983098,0x00000000c5a00000)
 Metaspace       used 103392K, committed 105216K, reserved 1179648K
  class space    used 10298K, committed 11136K, reserved 1048576K
}
Event: 11971.935 GC heap before
{Heap before GC invocations=4121 (full 9):
 PSYoungGen      total 5632K, used 4992K [0x00000000d5580000, 0x00000000d5b80000, 0x0000000100000000)
  eden space 4608K, 100% used [0x00000000d5580000,0x00000000d5a00000,0x00000000d5a00000)
  from space 1024K, 37% used [0x00000000d5a00000,0x00000000d5a60000,0x00000000d5b00000)
  to   space 512K, 0% used [0x00000000d5b00000,0x00000000d5b00000,0x00000000d5b80000)
 ParOldGen       total 1140736K, used 1140236K [0x0000000080000000, 0x00000000c5a00000, 0x00000000d5580000)
  object space 1140736K, 99% used [0x0000000080000000,0x00000000c5983098,0x00000000c5a00000)
 Metaspace       used 103392K, committed 105216K, reserved 1179648K
  class space    used 10298K, committed 11136K, reserved 1048576K
}
Event: 11971.937 GC heap after
{Heap after GC invocations=4121 (full 9):
 PSYoungGen      total 5120K, used 448K [0x00000000d5580000, 0x00000000d5b80000, 0x0000000100000000)
  eden space 4608K, 0% used [0x00000000d5580000,0x00000000d5580000,0x00000000d5a00000)
  from space 512K, 87% used [0x00000000d5b00000,0x00000000d5b70000,0x00000000d5b80000)
  to   space 512K, 0% used [0x00000000d5a80000,0x00000000d5a80000,0x00000000d5b00000)
 ParOldGen       total 1140736K, used 1140348K [0x0000000080000000, 0x00000000c5a00000, 0x00000000d5580000)
  object space 1140736K, 99% used [0x0000000080000000,0x00000000c599f098,0x00000000c5a00000)
 Metaspace       used 103392K, committed 105216K, reserved 1179648K
  class space    used 10298K, committed 11136K, reserved 1048576K
}
Event: 11971.994 GC heap before
{Heap before GC invocations=4122 (full 9):
 PSYoungGen      total 5120K, used 5056K [0x00000000d5580000, 0x00000000d5b80000, 0x0000000100000000)
  eden space 4608K, 100% used [0x00000000d5580000,0x00000000d5a00000,0x00000000d5a00000)
  from space 512K, 87% used [0x00000000d5b00000,0x00000000d5b70000,0x00000000d5b80000)
  to   space 512K, 0% used [0x00000000d5a80000,0x00000000d5a80000,0x00000000d5b00000)
 ParOldGen       total 1140736K, used 1140348K [0x0000000080000000, 0x00000000c5a00000, 0x00000000d5580000)
  object space 1140736K, 99% used [0x0000000080000000,0x00000000c599f098,0x00000000c5a00000)
 Metaspace       used 103392K, committed 105216K, reserved 1179648K
  class space    used 10298K, committed 11136K, reserved 1048576K
}
Event: 11971.996 GC heap after
{Heap after GC invocations=4122 (full 9):
 PSYoungGen      total 5120K, used 506K [0x00000000d5580000, 0x00000000d5c00000, 0x0000000100000000)
  eden space 4608K, 0% used [0x00000000d5580000,0x00000000d5580000,0x00000000d5a00000)
  from space 512K, 98% used [0x00000000d5a80000,0x00000000d5afe900,0x00000000d5b00000)
  to   space 1024K, 0% used [0x00000000d5b00000,0x00000000d5b00000,0x00000000d5c00000)
 ParOldGen       total 1140736K, used 1140468K [0x0000000080000000, 0x00000000c5a00000, 0x00000000d5580000)
  object space 1140736K, 99% used [0x0000000080000000,0x00000000c59bd098,0x00000000c5a00000)
 Metaspace       used 103392K, committed 105216K, reserved 1179648K
  class space    used 10298K, committed 11136K, reserved 1048576K
}
Event: 11972.011 GC heap before
{Heap before GC invocations=4123 (full 9):
 PSYoungGen      total 5120K, used 5114K [0x00000000d5580000, 0x00000000d5c00000, 0x0000000100000000)
  eden space 4608K, 100% used [0x00000000d5580000,0x00000000d5a00000,0x00000000d5a00000)
  from space 512K, 98% used [0x00000000d5a80000,0x00000000d5afe900,0x00000000d5b00000)
  to   space 1024K, 0% used [0x00000000d5b00000,0x00000000d5b00000,0x00000000d5c00000)
 ParOldGen       total 1140736K, used 1140468K [0x0000000080000000, 0x00000000c5a00000, 0x00000000d5580000)
  object space 1140736K, 99% used [0x0000000080000000,0x00000000c59bd098,0x00000000c5a00000)
 Metaspace       used 103394K, committed 105216K, reserved 1179648K
  class space    used 10298K, committed 11136K, reserved 1048576K
}
Event: 11972.013 GC heap after
{Heap after GC invocations=4123 (full 9):
 PSYoungGen      total 4608K, used 1024K [0x00000000d5580000, 0x00000000d5e00000, 0x0000000100000000)
  eden space 3584K, 0% used [0x00000000d5580000,0x00000000d5580000,0x00000000d5900000)
  from space 1024K, 100% used [0x00000000d5b00000,0x00000000d5c00000,0x00000000d5c00000)
  to   space 2048K, 0% used [0x00000000d5900000,0x00000000d5900000,0x00000000d5b00000)
 ParOldGen       total 1141248K, used 1140945K [0x0000000080000000, 0x00000000c5a80000, 0x00000000d5580000)
  object space 1141248K, 99% used [0x0000000080000000,0x00000000c5a34428,0x00000000c5a80000)
 Metaspace       used 103394K, committed 105216K, reserved 1179648K
  class space    used 10298K, committed 11136K, reserved 1048576K
}
Event: 11972.019 GC heap before
{Heap before GC invocations=4124 (full 9):
 PSYoungGen      total 4608K, used 4608K [0x00000000d5580000, 0x00000000d5e00000, 0x0000000100000000)
  eden space 3584K, 100% used [0x00000000d5580000,0x00000000d5900000,0x00000000d5900000)
  from space 1024K, 100% used [0x00000000d5b00000,0x00000000d5c00000,0x00000000d5c00000)
  to   space 2048K, 0% used [0x00000000d5900000,0x00000000d5900000,0x00000000d5b00000)
 ParOldGen       total 1141248K, used 1140945K [0x0000000080000000, 0x00000000c5a80000, 0x00000000d5580000)
  object space 1141248K, 99% used [0x0000000080000000,0x00000000c5a34428,0x00000000c5a80000)
 Metaspace       used 103394K, committed 105216K, reserved 1179648K
  class space    used 10298K, committed 11136K, reserved 1048576K
}
Event: 11972.021 GC heap after
{Heap after GC invocations=4124 (full 9):
 PSYoungGen      total 4608K, used 708K [0x00000000d5580000, 0x00000000d5b80000, 0x0000000100000000)
  eden space 3584K, 0% used [0x00000000d5580000,0x00000000d5580000,0x00000000d5900000)
  from space 1024K, 69% used [0x00000000d5900000,0x00000000d59b1210,0x00000000d5a00000)
  to   space 1024K, 0% used [0x00000000d5a80000,0x00000000d5a80000,0x00000000d5b80000)
 ParOldGen       total 1142272K, used 1141866K [0x0000000080000000, 0x00000000c5b80000, 0x00000000d5580000)
  object space 1142272K, 99% used [0x0000000080000000,0x00000000c5b1ab98,0x00000000c5b80000)
 Metaspace       used 103394K, committed 105216K, reserved 1179648K
  class space    used 10298K, committed 11136K, reserved 1048576K
}
Event: 11972.031 GC heap before
{Heap before GC invocations=4125 (full 9):
 PSYoungGen      total 4608K, used 4292K [0x00000000d5580000, 0x00000000d5b80000, 0x0000000100000000)
  eden space 3584K, 100% used [0x00000000d5580000,0x00000000d5900000,0x00000000d5900000)
  from space 1024K, 69% used [0x00000000d5900000,0x00000000d59b1210,0x00000000d5a00000)
  to   space 1024K, 0% used [0x00000000d5a80000,0x00000000d5a80000,0x00000000d5b80000)
 ParOldGen       total 1142272K, used 1141866K [0x0000000080000000, 0x00000000c5b80000, 0x00000000d5580000)
  object space 1142272K, 99% used [0x0000000080000000,0x00000000c5b1ab98,0x00000000c5b80000)
 Metaspace       used 103394K, committed 105216K, reserved 1179648K
  class space    used 10298K, committed 11136K, reserved 1048576K
}
Event: 11972.033 GC heap after
{Heap after GC invocations=4125 (full 9):
 PSYoungGen      total 4608K, used 832K [0x00000000d5580000, 0x00000000d5b80000, 0x0000000100000000)
  eden space 3584K, 0% used [0x00000000d5580000,0x00000000d5580000,0x00000000d5900000)
  from space 1024K, 81% used [0x00000000d5a80000,0x00000000d5b50000,0x00000000d5b80000)
  to   space 1024K, 0% used [0x00000000d5900000,0x00000000d5900000,0x00000000d5a00000)
 ParOldGen       total 1142784K, used 1142427K [0x0000000080000000, 0x00000000c5c00000, 0x00000000d5580000)
  object space 1142784K, 99% used [0x0000000080000000,0x00000000c5ba6c98,0x00000000c5c00000)
 Metaspace       used 103394K, committed 105216K, reserved 1179648K
  class space    used 10298K, committed 11136K, reserved 1048576K
}
Event: 11972.037 GC heap before
{Heap before GC invocations=4126 (full 9):
 PSYoungGen      total 4608K, used 4416K [0x00000000d5580000, 0x00000000d5b80000, 0x0000000100000000)
  eden space 3584K, 100% used [0x00000000d5580000,0x00000000d5900000,0x00000000d5900000)
  from space 1024K, 81% used [0x00000000d5a80000,0x00000000d5b50000,0x00000000d5b80000)
  to   space 1024K, 0% used [0x00000000d5900000,0x00000000d5900000,0x00000000d5a00000)
 ParOldGen       total 1142784K, used 1142427K [0x0000000080000000, 0x00000000c5c00000, 0x00000000d5580000)
  object space 1142784K, 99% used [0x0000000080000000,0x00000000c5ba6c98,0x00000000c5c00000)
 Metaspace       used 103394K, committed 105216K, reserved 1179648K
  class space    used 10298K, committed 11136K, reserved 1048576K
}
Event: 11972.039 GC heap after
{Heap after GC invocations=4126 (full 9):
 PSYoungGen      total 4608K, used 640K [0x00000000d5580000, 0x00000000d5b00000, 0x0000000100000000)
  eden space 3584K, 0% used [0x00000000d5580000,0x00000000d5580000,0x00000000d5900000)
  from space 1024K, 62% used [0x00000000d5900000,0x00000000d59a0000,0x00000000d5a00000)
  to   space 1024K, 0% used [0x00000000d5a00000,0x00000000d5a00000,0x00000000d5b00000)
 ParOldGen       total 1143296K, used 1143127K [0x0000000080000000, 0x00000000c5c80000, 0x00000000d5580000)
  object space 1143296K, 99% used [0x0000000080000000,0x00000000c5c55cc8,0x00000000c5c80000)
 Metaspace       used 103394K, committed 105216K, reserved 1179648K
  class space    used 10298K, committed 11136K, reserved 1048576K
}
Event: 11972.047 GC heap before
{Heap before GC invocations=4127 (full 9):
 PSYoungGen      total 4608K, used 4224K [0x00000000d5580000, 0x00000000d5b00000, 0x0000000100000000)
  eden space 3584K, 100% used [0x00000000d5580000,0x00000000d5900000,0x00000000d5900000)
  from space 1024K, 62% used [0x00000000d5900000,0x00000000d59a0000,0x00000000d5a00000)
  to   space 1024K, 0% used [0x00000000d5a00000,0x00000000d5a00000,0x00000000d5b00000)
 ParOldGen       total 1143296K, used 1143127K [0x0000000080000000, 0x00000000c5c80000, 0x00000000d5580000)
  object space 1143296K, 99% used [0x0000000080000000,0x00000000c5c55cc8,0x00000000c5c80000)
 Metaspace       used 103394K, committed 105216K, reserved 1179648K
  class space    used 10298K, committed 11136K, reserved 1048576K
}
Event: 11972.049 GC heap after
{Heap after GC invocations=4127 (full 9):
 PSYoungGen      total 4096K, used 384K [0x00000000d5580000, 0x00000000d5a80000, 0x0000000100000000)
  eden space 3584K, 0% used [0x00000000d5580000,0x00000000d5580000,0x00000000d5900000)
  from space 512K, 75% used [0x00000000d5a00000,0x00000000d5a60000,0x00000000d5a80000)
  to   space 512K, 0% used [0x00000000d5980000,0x00000000d5980000,0x00000000d5a00000)
 ParOldGen       total 1143808K, used 1143538K [0x0000000080000000, 0x00000000c5d00000, 0x00000000d5580000)
  object space 1143808K, 99% used [0x0000000080000000,0x00000000c5cbc958,0x00000000c5d00000)
 Metaspace       used 103394K, committed 105216K, reserved 1179648K
  class space    used 10298K, committed 11136K, reserved 1048576K
}
Event: 11972.056 GC heap before
{Heap before GC invocations=4128 (full 9):
 PSYoungGen      total 4096K, used 3968K [0x00000000d5580000, 0x00000000d5a80000, 0x0000000100000000)
  eden space 3584K, 100% used [0x00000000d5580000,0x00000000d5900000,0x00000000d5900000)
  from space 512K, 75% used [0x00000000d5a00000,0x00000000d5a60000,0x00000000d5a80000)
  to   space 512K, 0% used [0x00000000d5980000,0x00000000d5980000,0x00000000d5a00000)
 ParOldGen       total 1143808K, used 1143538K [0x0000000080000000, 0x00000000c5d00000, 0x00000000d5580000)
  object space 1143808K, 99% used [0x0000000080000000,0x00000000c5cbc958,0x00000000c5d00000)
 Metaspace       used 103394K, committed 105216K, reserved 1179648K
  class space    used 10298K, committed 11136K, reserved 1048576K
}
Event: 11972.060 GC heap after
{Heap after GC invocations=4128 (full 9):
 PSYoungGen      total 4608K, used 320K [0x00000000d5580000, 0x00000000d5b00000, 0x0000000100000000)
  eden space 4096K, 0% used [0x00000000d5580000,0x00000000d5580000,0x00000000d5980000)
  from space 512K, 62% used [0x00000000d5980000,0x00000000d59d0000,0x00000000d5a00000)
  to   space 512K, 0% used [0x00000000d5a80000,0x00000000d5a80000,0x00000000d5b00000)
 ParOldGen       total 1143808K, used 1143634K [0x0000000080000000, 0x00000000c5d00000, 0x00000000d5580000)
  object space 1143808K, 99% used [0x0000000080000000,0x00000000c5cd4958,0x00000000c5d00000)
 Metaspace       used 103394K, committed 105216K, reserved 1179648K
  class space    used 10298K, committed 11136K, reserved 1048576K
}
Event: 11972.068 GC heap before
{Heap before GC invocations=4129 (full 9):
 PSYoungGen      total 4608K, used 4416K [0x00000000d5580000, 0x00000000d5b00000, 0x0000000100000000)
  eden space 4096K, 100% used [0x00000000d5580000,0x00000000d5980000,0x00000000d5980000)
  from space 512K, 62% used [0x00000000d5980000,0x00000000d59d0000,0x00000000d5a00000)
  to   space 512K, 0% used [0x00000000d5a80000,0x00000000d5a80000,0x00000000d5b00000)
 ParOldGen       total 1143808K, used 1143634K [0x0000000080000000, 0x00000000c5d00000, 0x00000000d5580000)
  object space 1143808K, 99% used [0x0000000080000000,0x00000000c5cd4958,0x00000000c5d00000)
 Metaspace       used 103394K, committed 105216K, reserved 1179648K
  class space    used 10298K, committed 11136K, reserved 1048576K
}
Event: 11972.070 GC heap after
{Heap after GC invocations=4129 (full 9):
 PSYoungGen      total 5120K, used 480K [0x00000000d5580000, 0x00000000d5b80000, 0x0000000100000000)
  eden space 4608K, 0% used [0x00000000d5580000,0x00000000d5580000,0x00000000d5a00000)
  from space 512K, 93% used [0x00000000d5a80000,0x00000000d5af8000,0x00000000d5b00000)
  to   space 512K, 0% used [0x00000000d5a00000,0x00000000d5a00000,0x00000000d5a80000)
 ParOldGen       total 1143808K, used 1143722K [0x0000000080000000, 0x00000000c5d00000, 0x00000000d5580000)
  object space 1143808K, 99% used [0x0000000080000000,0x00000000c5cea958,0x00000000c5d00000)
 Metaspace       used 103394K, committed 105216K, reserved 1179648K
  class space    used 10298K, committed 11136K, reserved 1048576K
}

